Start testing: Sep 19 13:51 CDT
----------------------------------------------------------
Unable to find executable: tests_NOT_BUILT-b12d07c
1/1 Testing: tests_NOT_BUILT-b12d07c
1/1 Test: tests_NOT_BUILT-b12d07c
Command: ""
Directory: /Users/dutchcaz/Projects/uav-swarm-coordinator/build
"tests_NOT_BUILT-b12d07c" start time: 
Output:
----------------------------------------------------------
<end of output>
Test time =   0.00 sec
----------------------------------------------------------
Test Passed.
"tests_NOT_BUILT-b12d07c" end time: Sep 19 13:51 CDT
"tests_NOT_BUILT-b12d07c" time elapsed: 00:00:00
----------------------------------------------------------

End testing: Sep 19 13:51 CDT
